<?xml version="1.0" encoding="UTF-8"?>
<!-- Generated by org.testng.reporters.JUnitXMLReporter -->
<testsuite hostname="TXCDTL87VS0322" ignored="1" name="TestsonFirefox" tests="3" failures="0" timestamp="29 Sep 2019 20:57:26 GMT" time="58.678" errors="0">
  <testcase name="TC003_FetchTrainingtabSubmenu" time="22.588" classname="com.testcases.TrainingMenuValidation"/>
  <testcase name="TC001_Login" time="9.106" classname="com.testcases.LoginTestHRM"/>
  <testcase name="TC002_LogoutTest" time="3.414" classname="com.testcases.LoginTestHRM"/>
  <testcase name="@BeforeSuite invokeObjects" time="0.0" classname="com.testcases.BaseClass">
    <ignored/>
  </testcase> <!-- @BeforeSuite invokeObjects -->
</testsuite> <!-- TestsonFirefox -->
